2023-03-30 12:31:50.829  INFO 1392 --- [restartedMain] com.pws.employee.EmployeeApplication     : Starting EmployeeApplication using Java 19.0.2 on DESKTOP-CCRJIGP with PID 1392 (D:\PWS\New folder\Employee-service\target\classes started by LENOVO in D:\PWS\New folder\Employee-service)
2023-03-30 12:31:50.839  INFO 1392 --- [restartedMain] com.pws.employee.EmployeeApplication     : No active profile set, falling back to 1 default profile: "default"
2023-03-30 12:31:50.938  INFO 1392 --- [restartedMain] .e.DevToolsPropertyDefaultsPostProcessor : Devtools property defaults active! Set 'spring.devtools.add-properties' to 'false' to disable
2023-03-30 12:31:50.939  INFO 1392 --- [restartedMain] .e.DevToolsPropertyDefaultsPostProcessor : For additional web related logging consider setting the 'logging.level.web' property to 'DEBUG'
2023-03-30 12:31:52.301  INFO 1392 --- [restartedMain] .s.d.r.c.RepositoryConfigurationDelegate : Bootstrapping Spring Data JPA repositories in DEFAULT mode.
2023-03-30 12:31:52.539  INFO 1392 --- [restartedMain] .s.d.r.c.RepositoryConfigurationDelegate : Finished Spring Data repository scanning in 226 ms. Found 7 JPA repository interfaces.
2023-03-30 12:31:53.680  INFO 1392 --- [restartedMain] o.s.b.w.embedded.tomcat.TomcatWebServer  : Tomcat initialized with port(s): 8082 (http)
2023-03-30 12:31:53.695  INFO 1392 --- [restartedMain] o.apache.catalina.core.StandardService   : Starting service [Tomcat]
2023-03-30 12:31:53.696  INFO 1392 --- [restartedMain] org.apache.catalina.core.StandardEngine  : Starting Servlet engine: [Apache Tomcat/9.0.65]
2023-03-30 12:31:53.809  INFO 1392 --- [restartedMain] o.a.c.c.C.[Tomcat].[localhost].[/]       : Initializing Spring embedded WebApplicationContext
2023-03-30 12:31:53.809  INFO 1392 --- [restartedMain] w.s.c.ServletWebServerApplicationContext : Root WebApplicationContext: initialization completed in 2868 ms
2023-03-30 12:31:54.056  INFO 1392 --- [restartedMain] o.hibernate.jpa.internal.util.LogHelper  : HHH000204: Processing PersistenceUnitInfo [name: default]
2023-03-30 12:31:54.135  INFO 1392 --- [restartedMain] org.hibernate.Version                    : HHH000412: Hibernate ORM core version 5.6.10.Final
2023-03-30 12:31:54.401  INFO 1392 --- [restartedMain] o.hibernate.annotations.common.Version   : HCANN000001: Hibernate Commons Annotations {5.1.2.Final}
2023-03-30 12:31:54.525  INFO 1392 --- [restartedMain] com.zaxxer.hikari.HikariDataSource       : HikariPool-1 - Starting...
2023-03-30 12:31:55.012  INFO 1392 --- [restartedMain] com.zaxxer.hikari.HikariDataSource       : HikariPool-1 - Start completed.
2023-03-30 12:31:55.043  INFO 1392 --- [restartedMain] org.hibernate.dialect.Dialect            : HHH000400: Using dialect: org.hibernate.dialect.MySQL5Dialect
2023-03-30 12:31:56.349  INFO 1392 --- [restartedMain] o.h.e.t.j.p.i.JtaPlatformInitiator       : HHH000490: Using JtaPlatform implementation: [org.hibernate.engine.transaction.jta.platform.internal.NoJtaPlatform]
2023-03-30 12:31:56.356  INFO 1392 --- [restartedMain] j.LocalContainerEntityManagerFactoryBean : Initialized JPA EntityManagerFactory for persistence unit 'default'
2023-03-30 12:31:57.058  WARN 1392 --- [restartedMain] JpaBaseConfiguration$JpaWebConfiguration : spring.jpa.open-in-view is enabled by default. Therefore, database queries may be performed during view rendering. Explicitly configure spring.jpa.open-in-view to disable this warning
2023-03-30 12:31:57.440  INFO 1392 --- [restartedMain] o.s.s.web.DefaultSecurityFilterChain     : Will secure any request with [org.springframework.security.web.session.DisableEncodeUrlFilter@7c353f84, org.springframework.security.web.context.request.async.WebAsyncManagerIntegrationFilter@28509722, org.springframework.security.web.context.SecurityContextPersistenceFilter@6f0fe71, org.springframework.security.web.header.HeaderWriterFilter@50b55c2f, org.springframework.security.web.authentication.logout.LogoutFilter@71025e06, com.pws.employee.security.jwt.config.JwtFilter@ce966d, org.springframework.security.web.savedrequest.RequestCacheAwareFilter@72a0a4e8, org.springframework.security.web.servletapi.SecurityContextHolderAwareRequestFilter@58a78b76, org.springframework.security.web.authentication.AnonymousAuthenticationFilter@32e29069, org.springframework.security.web.session.SessionManagementFilter@3d1cea8f, org.springframework.security.web.access.ExceptionTranslationFilter@39d98a18, org.springframework.security.web.access.intercept.FilterSecurityInterceptor@adf5a6e]
2023-03-30 12:31:58.568  INFO 1392 --- [restartedMain] o.s.b.d.a.OptionalLiveReloadServer       : LiveReload server is running on port 35729
2023-03-30 12:31:58.608  INFO 1392 --- [restartedMain] o.s.b.w.embedded.tomcat.TomcatWebServer  : Tomcat started on port(s): 8082 (http) with context path ''
2023-03-30 12:31:58.622  INFO 1392 --- [restartedMain] com.pws.employee.EmployeeApplication     : Started EmployeeApplication in 8.477 seconds (JVM running for 9.666)
2023-03-30 12:32:25.508  INFO 1392 --- [Thread-5] j.LocalContainerEntityManagerFactoryBean : Closing JPA EntityManagerFactory for persistence unit 'default'
2023-03-30 12:32:25.512  INFO 1392 --- [Thread-5] com.zaxxer.hikari.HikariDataSource       : HikariPool-1 - Shutdown initiated...
2023-03-30 12:32:25.522  INFO 1392 --- [Thread-5] com.zaxxer.hikari.HikariDataSource       : HikariPool-1 - Shutdown completed.
2023-03-30 12:32:25.604  INFO 1392 --- [restartedMain] com.pws.employee.EmployeeApplication     : Starting EmployeeApplication using Java 19.0.2 on DESKTOP-CCRJIGP with PID 1392 (D:\PWS\New folder\Employee-service\target\classes started by LENOVO in D:\PWS\New folder\Employee-service)
2023-03-30 12:32:25.605  INFO 1392 --- [restartedMain] com.pws.employee.EmployeeApplication     : No active profile set, falling back to 1 default profile: "default"
2023-03-30 12:32:25.887  INFO 1392 --- [restartedMain] .s.d.r.c.RepositoryConfigurationDelegate : Bootstrapping Spring Data JPA repositories in DEFAULT mode.
2023-03-30 12:32:25.888  INFO 1392 --- [restartedMain] .s.d.r.c.RepositoryConfigurationDelegate : Finished Spring Data repository scanning in 0 ms. Found 0 JPA repository interfaces.
2023-03-30 12:32:26.015  INFO 1392 --- [restartedMain] o.s.b.w.embedded.tomcat.TomcatWebServer  : Tomcat initialized with port(s): 8082 (http)
2023-03-30 12:32:26.016  INFO 1392 --- [restartedMain] o.apache.catalina.core.StandardService   : Starting service [Tomcat]
2023-03-30 12:32:26.016  INFO 1392 --- [restartedMain] org.apache.catalina.core.StandardEngine  : Starting Servlet engine: [Apache Tomcat/9.0.65]
2023-03-30 12:32:26.040  INFO 1392 --- [restartedMain] o.a.c.c.C.[Tomcat].[localhost].[/]       : Initializing Spring embedded WebApplicationContext
2023-03-30 12:32:26.040  INFO 1392 --- [restartedMain] w.s.c.ServletWebServerApplicationContext : Root WebApplicationContext: initialization completed in 433 ms
2023-03-30 12:32:26.085  INFO 1392 --- [restartedMain] o.hibernate.jpa.internal.util.LogHelper  : HHH000204: Processing PersistenceUnitInfo [name: default]
2023-03-30 12:32:26.091  INFO 1392 --- [restartedMain] com.zaxxer.hikari.HikariDataSource       : HikariPool-2 - Starting...
2023-03-30 12:32:26.119  INFO 1392 --- [restartedMain] com.zaxxer.hikari.HikariDataSource       : HikariPool-2 - Start completed.
2023-03-30 12:32:26.120  INFO 1392 --- [restartedMain] org.hibernate.dialect.Dialect            : HHH000400: Using dialect: org.hibernate.dialect.MySQL5Dialect
2023-03-30 12:32:26.174  INFO 1392 --- [restartedMain] o.h.e.t.j.p.i.JtaPlatformInitiator       : HHH000490: Using JtaPlatform implementation: [org.hibernate.engine.transaction.jta.platform.internal.NoJtaPlatform]
2023-03-30 12:32:26.175  INFO 1392 --- [restartedMain] j.LocalContainerEntityManagerFactoryBean : Initialized JPA EntityManagerFactory for persistence unit 'default'
2023-03-30 12:32:26.187  WARN 1392 --- [restartedMain] ConfigServletWebServerApplicationContext : Exception encountered during context initialization - cancelling refresh attempt: org.springframework.beans.factory.BeanCreationException: Error creating bean with name 'auditorAware' defined in com.pws.employee.EmployeeApplication: Bean instantiation via factory method failed; nested exception is org.springframework.beans.BeanInstantiationException: Failed to instantiate [org.springframework.data.domain.AuditorAware]: Factory method 'auditorAware' threw exception; nested exception is java.lang.NoClassDefFoundError: com/pws/employee/utility/AuditAwareImpl
2023-03-30 12:32:26.188  INFO 1392 --- [restartedMain] j.LocalContainerEntityManagerFactoryBean : Closing JPA EntityManagerFactory for persistence unit 'default'
2023-03-30 12:32:26.188  INFO 1392 --- [restartedMain] com.zaxxer.hikari.HikariDataSource       : HikariPool-2 - Shutdown initiated...
2023-03-30 12:32:26.190  INFO 1392 --- [restartedMain] com.zaxxer.hikari.HikariDataSource       : HikariPool-2 - Shutdown completed.
2023-03-30 12:32:26.191  INFO 1392 --- [restartedMain] o.apache.catalina.core.StandardService   : Stopping service [Tomcat]
2023-03-30 12:32:26.199  INFO 1392 --- [restartedMain] ConditionEvaluationReportLoggingListener : 

Error starting ApplicationContext. To display the conditions report re-run your application with 'debug' enabled.
2023-03-30 12:32:26.232 ERROR 1392 --- [restartedMain] o.s.boot.SpringApplication               : Application run failed

org.springframework.beans.factory.BeanCreationException: Error creating bean with name 'auditorAware' defined in com.pws.employee.EmployeeApplication: Bean instantiation via factory method failed; nested exception is org.springframework.beans.BeanInstantiationException: Failed to instantiate [org.springframework.data.domain.AuditorAware]: Factory method 'auditorAware' threw exception; nested exception is java.lang.NoClassDefFoundError: com/pws/employee/utility/AuditAwareImpl
	at org.springframework.beans.factory.support.ConstructorResolver.instantiate(ConstructorResolver.java:658) ~[spring-beans-5.3.22.jar:5.3.22]
	at org.springframework.beans.factory.support.ConstructorResolver.instantiateUsingFactoryMethod(ConstructorResolver.java:486) ~[spring-beans-5.3.22.jar:5.3.22]
	at org.springframework.beans.factory.support.AbstractAutowireCapableBeanFactory.instantiateUsingFactoryMethod(AbstractAutowireCapableBeanFactory.java:1352) ~[spring-beans-5.3.22.jar:5.3.22]
	at org.springframework.beans.factory.support.AbstractAutowireCapableBeanFactory.createBeanInstance(AbstractAutowireCapableBeanFactory.java:1195) ~[spring-beans-5.3.22.jar:5.3.22]
	at org.springframework.beans.factory.support.AbstractAutowireCapableBeanFactory.doCreateBean(AbstractAutowireCapableBeanFactory.java:582) ~[spring-beans-5.3.22.jar:5.3.22]
	at org.springframework.beans.factory.support.AbstractAutowireCapableBeanFactory.createBean(AbstractAutowireCapableBeanFactory.java:542) ~[spring-beans-5.3.22.jar:5.3.22]
	at org.springframework.beans.factory.support.AbstractBeanFactory.lambda$doGetBean$0(AbstractBeanFactory.java:335) ~[spring-beans-5.3.22.jar:5.3.22]
	at org.springframework.beans.factory.support.DefaultSingletonBeanRegistry.getSingleton(DefaultSingletonBeanRegistry.java:234) ~[spring-beans-5.3.22.jar:5.3.22]
	at org.springframework.beans.factory.support.AbstractBeanFactory.doGetBean(AbstractBeanFactory.java:333) ~[spring-beans-5.3.22.jar:5.3.22]
	at org.springframework.beans.factory.support.AbstractBeanFactory.getBean(AbstractBeanFactory.java:208) ~[spring-beans-5.3.22.jar:5.3.22]
	at org.springframework.beans.factory.support.DefaultListableBeanFactory.preInstantiateSingletons(DefaultListableBeanFactory.java:955) ~[spring-beans-5.3.22.jar:5.3.22]
	at org.springframework.context.support.AbstractApplicationContext.finishBeanFactoryInitialization(AbstractApplicationContext.java:918) ~[spring-context-5.3.22.jar:5.3.22]
	at org.springframework.context.support.AbstractApplicationContext.refresh(AbstractApplicationContext.java:583) ~[spring-context-5.3.22.jar:5.3.22]
	at org.springframework.boot.web.servlet.context.ServletWebServerApplicationContext.refresh(ServletWebServerApplicationContext.java:147) ~[spring-boot-2.7.2.jar:2.7.2]
	at org.springframework.boot.SpringApplication.refresh(SpringApplication.java:734) ~[spring-boot-2.7.2.jar:2.7.2]
	at org.springframework.boot.SpringApplication.refreshContext(SpringApplication.java:408) ~[spring-boot-2.7.2.jar:2.7.2]
	at org.springframework.boot.SpringApplication.run(SpringApplication.java:308) ~[spring-boot-2.7.2.jar:2.7.2]
	at org.springframework.boot.SpringApplication.run(SpringApplication.java:1306) ~[spring-boot-2.7.2.jar:2.7.2]
	at org.springframework.boot.SpringApplication.run(SpringApplication.java:1295) ~[spring-boot-2.7.2.jar:2.7.2]
	at com.pws.employee.EmployeeApplication.main(EmployeeApplication.java:19) ~[classes/:na]
	at java.base/jdk.internal.reflect.DirectMethodHandleAccessor.invoke(DirectMethodHandleAccessor.java:104) ~[na:na]
	at java.base/java.lang.reflect.Method.invoke(Method.java:578) ~[na:na]
	at org.springframework.boot.devtools.restart.RestartLauncher.run(RestartLauncher.java:49) ~[spring-boot-devtools-2.7.2.jar:2.7.2]
Caused by: org.springframework.beans.BeanInstantiationException: Failed to instantiate [org.springframework.data.domain.AuditorAware]: Factory method 'auditorAware' threw exception; nested exception is java.lang.NoClassDefFoundError: com/pws/employee/utility/AuditAwareImpl
	at org.springframework.beans.factory.support.SimpleInstantiationStrategy.instantiate(SimpleInstantiationStrategy.java:185) ~[spring-beans-5.3.22.jar:5.3.22]
	at org.springframework.beans.factory.support.ConstructorResolver.instantiate(ConstructorResolver.java:653) ~[spring-beans-5.3.22.jar:5.3.22]
	... 22 common frames omitted
Caused by: java.lang.NoClassDefFoundError: com/pws/employee/utility/AuditAwareImpl
	at com.pws.employee.EmployeeApplication.auditorAware(EmployeeApplication.java:24) ~[classes/:na]
	at com.pws.employee.EmployeeApplication$$EnhancerBySpringCGLIB$$a0d0d229.CGLIB$auditorAware$0(<generated>) ~[classes/:na]
	at com.pws.employee.EmployeeApplication$$EnhancerBySpringCGLIB$$a0d0d229$$FastClassBySpringCGLIB$$e27017d8.invoke(<generated>) ~[classes/:na]
	at org.springframework.cglib.proxy.MethodProxy.invokeSuper(MethodProxy.java:244) ~[spring-core-5.3.22.jar:5.3.22]
	at org.springframework.context.annotation.ConfigurationClassEnhancer$BeanMethodInterceptor.intercept(ConfigurationClassEnhancer.java:331) ~[spring-context-5.3.22.jar:5.3.22]
	at com.pws.employee.EmployeeApplication$$EnhancerBySpringCGLIB$$a0d0d229.auditorAware(<generated>) ~[classes/:na]
	at java.base/jdk.internal.reflect.DirectMethodHandleAccessor.invoke(DirectMethodHandleAccessor.java:104) ~[na:na]
	at java.base/java.lang.reflect.Method.invoke(Method.java:578) ~[na:na]
	at org.springframework.beans.factory.support.SimpleInstantiationStrategy.instantiate(SimpleInstantiationStrategy.java:154) ~[spring-beans-5.3.22.jar:5.3.22]
	... 23 common frames omitted
Caused by: java.lang.ClassNotFoundException: com.pws.employee.utility.AuditAwareImpl
	at java.base/jdk.internal.loader.BuiltinClassLoader.loadClass(BuiltinClassLoader.java:641) ~[na:na]
	at java.base/jdk.internal.loader.ClassLoaders$AppClassLoader.loadClass(ClassLoaders.java:188) ~[na:na]
	at java.base/java.lang.ClassLoader.loadClass(ClassLoader.java:521) ~[na:na]
	... 32 common frames omitted

2023-03-30 12:32:29.711  INFO 1392 --- [restartedMain] com.pws.employee.EmployeeApplication     : Starting EmployeeApplication using Java 19.0.2 on DESKTOP-CCRJIGP with PID 1392 (D:\PWS\New folder\Employee-service\target\classes started by LENOVO in D:\PWS\New folder\Employee-service)
2023-03-30 12:32:29.711  INFO 1392 --- [restartedMain] com.pws.employee.EmployeeApplication     : No active profile set, falling back to 1 default profile: "default"
2023-03-30 12:32:30.085  INFO 1392 --- [restartedMain] .s.d.r.c.RepositoryConfigurationDelegate : Bootstrapping Spring Data JPA repositories in DEFAULT mode.
2023-03-30 12:32:30.137  INFO 1392 --- [restartedMain] .s.d.r.c.RepositoryConfigurationDelegate : Finished Spring Data repository scanning in 52 ms. Found 7 JPA repository interfaces.
2023-03-30 12:32:30.299  INFO 1392 --- [restartedMain] o.s.b.w.embedded.tomcat.TomcatWebServer  : Tomcat initialized with port(s): 8082 (http)
2023-03-30 12:32:30.300  INFO 1392 --- [restartedMain] o.apache.catalina.core.StandardService   : Starting service [Tomcat]
2023-03-30 12:32:30.300  INFO 1392 --- [restartedMain] org.apache.catalina.core.StandardEngine  : Starting Servlet engine: [Apache Tomcat/9.0.65]
2023-03-30 12:32:30.326  INFO 1392 --- [restartedMain] o.a.c.c.C.[Tomcat-1].[localhost].[/]     : Initializing Spring embedded WebApplicationContext
2023-03-30 12:32:30.326  INFO 1392 --- [restartedMain] w.s.c.ServletWebServerApplicationContext : Root WebApplicationContext: initialization completed in 613 ms
2023-03-30 12:32:30.368  INFO 1392 --- [restartedMain] o.hibernate.jpa.internal.util.LogHelper  : HHH000204: Processing PersistenceUnitInfo [name: default]
2023-03-30 12:32:30.373  INFO 1392 --- [restartedMain] com.zaxxer.hikari.HikariDataSource       : HikariPool-3 - Starting...
2023-03-30 12:32:30.388  INFO 1392 --- [restartedMain] com.zaxxer.hikari.HikariDataSource       : HikariPool-3 - Start completed.
2023-03-30 12:32:30.389  INFO 1392 --- [restartedMain] org.hibernate.dialect.Dialect            : HHH000400: Using dialect: org.hibernate.dialect.MySQL5Dialect
2023-03-30 12:32:30.847  INFO 1392 --- [restartedMain] o.h.e.t.j.p.i.JtaPlatformInitiator       : HHH000490: Using JtaPlatform implementation: [org.hibernate.engine.transaction.jta.platform.internal.NoJtaPlatform]
2023-03-30 12:32:30.847  INFO 1392 --- [restartedMain] j.LocalContainerEntityManagerFactoryBean : Initialized JPA EntityManagerFactory for persistence unit 'default'
2023-03-30 12:32:30.969  WARN 1392 --- [restartedMain] JpaBaseConfiguration$JpaWebConfiguration : spring.jpa.open-in-view is enabled by default. Therefore, database queries may be performed during view rendering. Explicitly configure spring.jpa.open-in-view to disable this warning
2023-03-30 12:32:31.185  INFO 1392 --- [restartedMain] o.s.s.web.DefaultSecurityFilterChain     : Will secure any request with [org.springframework.security.web.session.DisableEncodeUrlFilter@b67fbf4, org.springframework.security.web.context.request.async.WebAsyncManagerIntegrationFilter@644bd64, org.springframework.security.web.context.SecurityContextPersistenceFilter@1a95e9fd, org.springframework.security.web.header.HeaderWriterFilter@3ed630ff, org.springframework.security.web.authentication.logout.LogoutFilter@5f80eb9c, com.pws.employee.security.jwt.config.JwtFilter@49d591ef, org.springframework.security.web.savedrequest.RequestCacheAwareFilter@41c6fa33, org.springframework.security.web.servletapi.SecurityContextHolderAwareRequestFilter@4e187b3c, org.springframework.security.web.authentication.AnonymousAuthenticationFilter@31474bba, org.springframework.security.web.session.SessionManagementFilter@f356cce, org.springframework.security.web.access.ExceptionTranslationFilter@3e4ca894, org.springframework.security.web.access.intercept.FilterSecurityInterceptor@64e04870]
2023-03-30 12:32:31.639  INFO 1392 --- [restartedMain] o.s.b.d.a.OptionalLiveReloadServer       : LiveReload server is running on port 35729
2023-03-30 12:32:31.649  INFO 1392 --- [restartedMain] o.s.b.w.embedded.tomcat.TomcatWebServer  : Tomcat started on port(s): 8082 (http) with context path ''
2023-03-30 12:32:31.654  INFO 1392 --- [restartedMain] com.pws.employee.EmployeeApplication     : Started EmployeeApplication in 1.963 seconds (JVM running for 42.699)
2023-03-30 12:32:31.657  INFO 1392 --- [restartedMain] .ConditionEvaluationDeltaLoggingListener : Condition evaluation unchanged
2023-03-30 12:32:34.114  INFO 1392 --- [Thread-7] j.LocalContainerEntityManagerFactoryBean : Closing JPA EntityManagerFactory for persistence unit 'default'
2023-03-30 12:32:34.115  INFO 1392 --- [Thread-7] com.zaxxer.hikari.HikariDataSource       : HikariPool-3 - Shutdown initiated...
2023-03-30 12:32:34.136  INFO 1392 --- [Thread-7] com.zaxxer.hikari.HikariDataSource       : HikariPool-3 - Shutdown completed.
2023-03-30 12:32:34.240  INFO 1392 --- [restartedMain] com.pws.employee.EmployeeApplication     : Starting EmployeeApplication using Java 19.0.2 on DESKTOP-CCRJIGP with PID 1392 (D:\PWS\New folder\Employee-service\target\classes started by LENOVO in D:\PWS\New folder\Employee-service)
2023-03-30 12:32:34.240  INFO 1392 --- [restartedMain] com.pws.employee.EmployeeApplication     : No active profile set, falling back to 1 default profile: "default"
2023-03-30 12:32:34.552  INFO 1392 --- [restartedMain] .s.d.r.c.RepositoryConfigurationDelegate : Bootstrapping Spring Data JPA repositories in DEFAULT mode.
2023-03-30 12:32:34.592  INFO 1392 --- [restartedMain] .s.d.r.c.RepositoryConfigurationDelegate : Finished Spring Data repository scanning in 39 ms. Found 7 JPA repository interfaces.
2023-03-30 12:32:34.774  INFO 1392 --- [restartedMain] o.s.b.w.embedded.tomcat.TomcatWebServer  : Tomcat initialized with port(s): 8082 (http)
2023-03-30 12:32:34.775  INFO 1392 --- [restartedMain] o.apache.catalina.core.StandardService   : Starting service [Tomcat]
2023-03-30 12:32:34.775  INFO 1392 --- [restartedMain] org.apache.catalina.core.StandardEngine  : Starting Servlet engine: [Apache Tomcat/9.0.65]
2023-03-30 12:32:34.807  INFO 1392 --- [restartedMain] o.a.c.c.C.[Tomcat-1].[localhost].[/]     : Initializing Spring embedded WebApplicationContext
2023-03-30 12:32:34.807  INFO 1392 --- [restartedMain] w.s.c.ServletWebServerApplicationContext : Root WebApplicationContext: initialization completed in 565 ms
2023-03-30 12:32:34.860  INFO 1392 --- [restartedMain] o.hibernate.jpa.internal.util.LogHelper  : HHH000204: Processing PersistenceUnitInfo [name: default]
2023-03-30 12:32:34.865  INFO 1392 --- [restartedMain] com.zaxxer.hikari.HikariDataSource       : HikariPool-4 - Starting...
2023-03-30 12:32:34.886  INFO 1392 --- [restartedMain] com.zaxxer.hikari.HikariDataSource       : HikariPool-4 - Start completed.
2023-03-30 12:32:34.887  INFO 1392 --- [restartedMain] org.hibernate.dialect.Dialect            : HHH000400: Using dialect: org.hibernate.dialect.MySQL5Dialect
2023-03-30 12:32:35.387  INFO 1392 --- [restartedMain] o.h.e.t.j.p.i.JtaPlatformInitiator       : HHH000490: Using JtaPlatform implementation: [org.hibernate.engine.transaction.jta.platform.internal.NoJtaPlatform]
2023-03-30 12:32:35.387  INFO 1392 --- [restartedMain] j.LocalContainerEntityManagerFactoryBean : Initialized JPA EntityManagerFactory for persistence unit 'default'
2023-03-30 12:32:35.497  WARN 1392 --- [restartedMain] JpaBaseConfiguration$JpaWebConfiguration : spring.jpa.open-in-view is enabled by default. Therefore, database queries may be performed during view rendering. Explicitly configure spring.jpa.open-in-view to disable this warning
2023-03-30 12:32:35.690  INFO 1452 --- [main] c.p.e.controller.EmployeeControllerTest  : Starting EmployeeControllerTest using Java 19.0.2 on DESKTOP-CCRJIGP with PID 1452 (started by LENOVO in D:\PWS\New folder\Employee-service)
2023-03-30 12:32:35.693  INFO 1452 --- [main] c.p.e.controller.EmployeeControllerTest  : No active profile set, falling back to 1 default profile: "default"
2023-03-30 12:32:35.705  INFO 1392 --- [restartedMain] o.s.s.web.DefaultSecurityFilterChain     : Will secure any request with [org.springframework.security.web.session.DisableEncodeUrlFilter@6e67f790, org.springframework.security.web.context.request.async.WebAsyncManagerIntegrationFilter@2cee3868, org.springframework.security.web.context.SecurityContextPersistenceFilter@3511c751, org.springframework.security.web.header.HeaderWriterFilter@6053a26e, org.springframework.security.web.authentication.logout.LogoutFilter@1ef98847, com.pws.employee.security.jwt.config.JwtFilter@3cfeed63, org.springframework.security.web.savedrequest.RequestCacheAwareFilter@45aa077d, org.springframework.security.web.servletapi.SecurityContextHolderAwareRequestFilter@38979d74, org.springframework.security.web.authentication.AnonymousAuthenticationFilter@5c99e974, org.springframework.security.web.session.SessionManagementFilter@612f8993, org.springframework.security.web.access.ExceptionTranslationFilter@68630513, org.springframework.security.web.access.intercept.FilterSecurityInterceptor@76ac9b5c]
2023-03-30 12:32:36.613  INFO 1392 --- [restartedMain] o.s.b.d.a.OptionalLiveReloadServer       : LiveReload server is running on port 35729
2023-03-30 12:32:36.626  INFO 1392 --- [restartedMain] o.s.b.w.embedded.tomcat.TomcatWebServer  : Tomcat started on port(s): 8082 (http) with context path ''
2023-03-30 12:32:36.632  INFO 1392 --- [restartedMain] com.pws.employee.EmployeeApplication     : Started EmployeeApplication in 2.426 seconds (JVM running for 47.676)
2023-03-30 12:32:36.634  INFO 1392 --- [restartedMain] .ConditionEvaluationDeltaLoggingListener : Condition evaluation unchanged
2023-03-30 12:32:37.262  INFO 1452 --- [main] .s.d.r.c.RepositoryConfigurationDelegate : Bootstrapping Spring Data JPA repositories in DEFAULT mode.
2023-03-30 12:32:37.433  INFO 1452 --- [main] .s.d.r.c.RepositoryConfigurationDelegate : Finished Spring Data repository scanning in 163 ms. Found 7 JPA repository interfaces.
2023-03-30 12:32:38.704  INFO 1452 --- [main] o.hibernate.jpa.internal.util.LogHelper  : HHH000204: Processing PersistenceUnitInfo [name: default]
2023-03-30 12:32:38.768  INFO 1452 --- [main] org.hibernate.Version                    : HHH000412: Hibernate ORM core version 5.6.10.Final
2023-03-30 12:32:38.807  INFO 1452 --- [main] o.hibernate.annotations.common.Version   : HCANN000001: Hibernate Commons Annotations {5.1.2.Final}
2023-03-30 12:32:39.033  INFO 1452 --- [main] com.zaxxer.hikari.HikariDataSource       : HikariPool-1 - Starting...
2023-03-30 12:32:39.589  INFO 1452 --- [main] com.zaxxer.hikari.HikariDataSource       : HikariPool-1 - Start completed.
2023-03-30 12:32:39.630  INFO 1452 --- [main] org.hibernate.dialect.Dialect            : HHH000400: Using dialect: org.hibernate.dialect.MySQL5Dialect
2023-03-30 12:32:40.777  INFO 1452 --- [main] o.h.e.t.j.p.i.JtaPlatformInitiator       : HHH000490: Using JtaPlatform implementation: [org.hibernate.engine.transaction.jta.platform.internal.NoJtaPlatform]
2023-03-30 12:32:40.785  INFO 1452 --- [main] j.LocalContainerEntityManagerFactoryBean : Initialized JPA EntityManagerFactory for persistence unit 'default'
2023-03-30 12:32:41.552  WARN 1452 --- [main] JpaBaseConfiguration$JpaWebConfiguration : spring.jpa.open-in-view is enabled by default. Therefore, database queries may be performed during view rendering. Explicitly configure spring.jpa.open-in-view to disable this warning
2023-03-30 12:32:41.759  INFO 1452 --- [main] o.s.s.web.DefaultSecurityFilterChain     : Will secure any request with [org.springframework.security.web.session.DisableEncodeUrlFilter@5620470a, org.springframework.security.web.context.request.async.WebAsyncManagerIntegrationFilter@29682244, org.springframework.security.web.context.SecurityContextPersistenceFilter@69542112, org.springframework.security.web.header.HeaderWriterFilter@7ec729be, org.springframework.security.web.authentication.logout.LogoutFilter@597eb9ac, com.pws.employee.security.jwt.config.JwtFilter@80b70fd, org.springframework.security.web.savedrequest.RequestCacheAwareFilter@64f1b2fb, org.springframework.security.web.servletapi.SecurityContextHolderAwareRequestFilter@7af17d31, org.springframework.security.web.authentication.AnonymousAuthenticationFilter@3368cf02, org.springframework.security.web.session.SessionManagementFilter@cdc09d, org.springframework.security.web.access.ExceptionTranslationFilter@6ddc817f, org.springframework.security.web.access.intercept.FilterSecurityInterceptor@1ff52a71]
2023-03-30 12:32:43.270  INFO 1452 --- [main] c.p.e.controller.EmployeeControllerTest  : Started EmployeeControllerTest in 8.178 seconds (JVM running for 10.274)
2023-03-30 12:32:43.446  INFO 1452 --- [main] o.s.b.t.m.w.SpringBootMockServletContext : Initializing Spring TestDispatcherServlet ''
2023-03-30 12:32:43.447  INFO 1452 --- [main] o.s.t.web.servlet.TestDispatcherServlet  : Initializing Servlet ''
2023-03-30 12:32:43.448  INFO 1452 --- [main] o.s.t.web.servlet.TestDispatcherServlet  : Completed initialization in 1 ms
2023-03-30 12:32:43.713  INFO 1452 --- [main] o.s.b.t.m.w.SpringBootMockServletContext : Initializing Spring TestDispatcherServlet ''
2023-03-30 12:32:43.714  INFO 1452 --- [main] o.s.t.web.servlet.TestDispatcherServlet  : Initializing Servlet ''
2023-03-30 12:32:43.715  INFO 1452 --- [main] o.s.t.web.servlet.TestDispatcherServlet  : Completed initialization in 1 ms
2023-03-30 12:32:43.817  INFO 1452 --- [main] o.s.b.t.m.w.SpringBootMockServletContext : Initializing Spring TestDispatcherServlet ''
2023-03-30 12:32:43.817  INFO 1452 --- [main] o.s.t.web.servlet.TestDispatcherServlet  : Initializing Servlet ''
2023-03-30 12:32:43.818  INFO 1452 --- [main] o.s.t.web.servlet.TestDispatcherServlet  : Completed initialization in 1 ms
2023-03-30 12:32:43.880  INFO 1452 --- [main] o.s.b.t.m.w.SpringBootMockServletContext : Initializing Spring TestDispatcherServlet ''
2023-03-30 12:32:43.881  INFO 1452 --- [main] o.s.t.web.servlet.TestDispatcherServlet  : Initializing Servlet ''
2023-03-30 12:32:43.882  INFO 1452 --- [main] o.s.t.web.servlet.TestDispatcherServlet  : Completed initialization in 1 ms
2023-03-30 12:32:43.899  INFO 1452 --- [main] o.s.b.t.m.w.SpringBootMockServletContext : Initializing Spring TestDispatcherServlet ''
2023-03-30 12:32:43.899  INFO 1452 --- [main] o.s.t.web.servlet.TestDispatcherServlet  : Initializing Servlet ''
2023-03-30 12:32:43.900  INFO 1452 --- [main] o.s.t.web.servlet.TestDispatcherServlet  : Completed initialization in 0 ms
2023-03-30 12:32:43.958  INFO 1452 --- [main] o.s.b.t.m.w.SpringBootMockServletContext : Initializing Spring TestDispatcherServlet ''
2023-03-30 12:32:43.958  INFO 1452 --- [main] o.s.t.web.servlet.TestDispatcherServlet  : Initializing Servlet ''
2023-03-30 12:32:43.959  INFO 1452 --- [main] o.s.t.web.servlet.TestDispatcherServlet  : Completed initialization in 1 ms
2023-03-30 12:32:43.972  INFO 1452 --- [main] o.s.b.t.m.w.SpringBootMockServletContext : Initializing Spring TestDispatcherServlet ''
2023-03-30 12:32:43.972  INFO 1452 --- [main] o.s.t.web.servlet.TestDispatcherServlet  : Initializing Servlet ''
2023-03-30 12:32:43.974  INFO 1452 --- [main] o.s.t.web.servlet.TestDispatcherServlet  : Completed initialization in 2 ms
2023-03-30 12:32:43.988  INFO 1452 --- [main] o.s.b.t.m.w.SpringBootMockServletContext : Initializing Spring TestDispatcherServlet ''
2023-03-30 12:32:43.989  INFO 1452 --- [main] o.s.t.web.servlet.TestDispatcherServlet  : Initializing Servlet ''
2023-03-30 12:32:43.990  INFO 1452 --- [main] o.s.t.web.servlet.TestDispatcherServlet  : Completed initialization in 1 ms
2023-03-30 12:32:44.006  INFO 1452 --- [main] o.s.b.t.m.w.SpringBootMockServletContext : Initializing Spring TestDispatcherServlet ''
2023-03-30 12:32:44.006  INFO 1452 --- [main] o.s.t.web.servlet.TestDispatcherServlet  : Initializing Servlet ''
2023-03-30 12:32:44.007  INFO 1452 --- [main] o.s.t.web.servlet.TestDispatcherServlet  : Completed initialization in 1 ms
2023-03-30 12:32:44.097  INFO 1452 --- [main] o.s.b.t.m.w.SpringBootMockServletContext : Initializing Spring TestDispatcherServlet ''
2023-03-30 12:32:44.097  INFO 1452 --- [main] o.s.t.web.servlet.TestDispatcherServlet  : Initializing Servlet ''
2023-03-30 12:32:44.098  INFO 1452 --- [main] o.s.t.web.servlet.TestDispatcherServlet  : Completed initialization in 0 ms
2023-03-30 12:32:44.112 ERROR 1452 --- [main] c.p.e.e.config.RestExceptionHandler      : Error : ApiError(timestamp=2023-03-30T12:32:44.106551700, status=400, error=400 BAD_REQUEST, message=User Already Exist with Email : johndoeee@example.com, debugMessage=null, subErrors=null)
2023-03-30 12:32:44.129  INFO 1452 --- [main] o.s.b.t.m.w.SpringBootMockServletContext : Initializing Spring TestDispatcherServlet ''
2023-03-30 12:32:44.129  INFO 1452 --- [main] o.s.t.web.servlet.TestDispatcherServlet  : Initializing Servlet ''
2023-03-30 12:32:44.131  INFO 1452 --- [main] o.s.t.web.servlet.TestDispatcherServlet  : Completed initialization in 2 ms
2023-03-30 12:32:44.241 ERROR 1452 --- [main] c.p.e.e.config.RestExceptionHandler      : Error : ApiError(timestamp=2023-03-30T12:32:44.241558, status=400, error=400 BAD_REQUEST, message=oldpassword not matched, debugMessage=null, subErrors=null)
2023-03-30 12:32:44.247  INFO 1452 --- [main] o.s.b.t.m.w.SpringBootMockServletContext : Initializing Spring TestDispatcherServlet ''
2023-03-30 12:32:44.247  INFO 1452 --- [main] o.s.t.web.servlet.TestDispatcherServlet  : Initializing Servlet ''
2023-03-30 12:32:44.248  INFO 1452 --- [main] o.s.t.web.servlet.TestDispatcherServlet  : Completed initialization in 0 ms
2023-03-30 12:32:44.327  INFO 1452 --- [main] .b.t.c.SpringBootTestContextBootstrapper : Neither @ContextConfiguration nor @ContextHierarchy found for test class [com.pws.employee.repository.UserSkillXrefRepositoryTest], using SpringBootContextLoader
2023-03-30 12:32:44.328  INFO 1452 --- [main] o.s.t.c.support.AbstractContextLoader    : Could not detect default resource locations for test class [com.pws.employee.repository.UserSkillXrefRepositoryTest]: no resource found for suffixes {-context.xml, Context.groovy}.
2023-03-30 12:32:44.329  INFO 1452 --- [main] t.c.s.AnnotationConfigContextLoaderUtils : Could not detect default configuration classes for test class [com.pws.employee.repository.UserSkillXrefRepositoryTest]: UserSkillXrefRepositoryTest does not declare any static, non-private, non-final, nested classes annotated with @Configuration.
2023-03-30 12:32:44.340  INFO 1452 --- [main] .b.t.c.SpringBootTestContextBootstrapper : Found @SpringBootConfiguration com.pws.employee.EmployeeApplication for test class com.pws.employee.repository.UserSkillXrefRepositoryTest
2023-03-30 12:32:44.341  INFO 1452 --- [main] .b.t.c.SpringBootTestContextBootstrapper : Loaded default TestExecutionListener class names from location [META-INF/spring.factories]: [org.springframework.boot.test.mock.mockito.MockitoTestExecutionListener, org.springframework.boot.test.mock.mockito.ResetMocksTestExecutionListener, org.springframework.boot.test.autoconfigure.restdocs.RestDocsTestExecutionListener, org.springframework.boot.test.autoconfigure.web.client.MockRestServiceServerResetTestExecutionListener, org.springframework.boot.test.autoconfigure.web.servlet.MockMvcPrintOnlyOnFailureTestExecutionListener, org.springframework.boot.test.autoconfigure.web.servlet.WebDriverTestExecutionListener, org.springframework.boot.test.autoconfigure.webservices.client.MockWebServiceServerTestExecutionListener, org.springframework.test.context.web.ServletTestExecutionListener, org.springframework.test.context.support.DirtiesContextBeforeModesTestExecutionListener, org.springframework.test.context.event.ApplicationEventsTestExecutionListener, org.springframework.test.context.support.DependencyInjectionTestExecutionListener, org.springframework.test.context.support.DirtiesContextTestExecutionListener, org.springframework.test.context.transaction.TransactionalTestExecutionListener, org.springframework.test.context.jdbc.SqlScriptsTestExecutionListener, org.springframework.test.context.event.EventPublishingTestExecutionListener]
2023-03-30 12:32:44.341  INFO 1452 --- [main] .b.t.c.SpringBootTestContextBootstrapper : Using TestExecutionListeners: [org.springframework.test.context.web.ServletTestExecutionListener@76e14208, org.springframework.test.context.support.DirtiesContextBeforeModesTestExecutionListener@6809a461, org.springframework.test.context.event.ApplicationEventsTestExecutionListener@21440e36, org.springframework.boot.test.mock.mockito.MockitoTestExecutionListener@9b87a98, org.springframework.boot.test.autoconfigure.SpringBootDependencyInjectionTestExecutionListener@75b598a5, org.springframework.test.context.support.DirtiesContextTestExecutionListener@50ba10de, org.springframework.test.context.transaction.TransactionalTestExecutionListener@518e9141, org.springframework.test.context.jdbc.SqlScriptsTestExecutionListener@1ba84d52, org.springframework.test.context.event.EventPublishingTestExecutionListener@42018e32, org.springframework.boot.test.mock.mockito.ResetMocksTestExecutionListener@42bd4a4c, org.springframework.boot.test.autoconfigure.restdocs.RestDocsTestExecutionListener@679cdfc3, org.springframework.boot.test.autoconfigure.web.client.MockRestServiceServerResetTestExecutionListener@3e07ccbf, org.springframework.boot.test.autoconfigure.web.servlet.MockMvcPrintOnlyOnFailureTestExecutionListener@70b9a553, org.springframework.boot.test.autoconfigure.web.servlet.WebDriverTestExecutionListener@58fe7e22, org.springframework.boot.test.autoconfigure.webservices.client.MockWebServiceServerTestExecutionListener@591dd039]
2023-03-30 12:32:44.372  INFO 1452 --- [main] c.p.e.r.UserSkillXrefRepositoryTest      : Starting UserSkillXrefRepositoryTest using Java 19.0.2 on DESKTOP-CCRJIGP with PID 1452 (started by LENOVO in D:\PWS\New folder\Employee-service)
2023-03-30 12:32:44.372  INFO 1452 --- [main] c.p.e.r.UserSkillXrefRepositoryTest      : No active profile set, falling back to 1 default profile: "default"
2023-03-30 12:32:44.562  INFO 1452 --- [main] .s.d.r.c.RepositoryConfigurationDelegate : Bootstrapping Spring Data JPA repositories in DEFAULT mode.
2023-03-30 12:32:44.584  INFO 1452 --- [main] .s.d.r.c.RepositoryConfigurationDelegate : Finished Spring Data repository scanning in 21 ms. Found 7 JPA repository interfaces.
2023-03-30 12:32:44.740  INFO 1452 --- [main] o.hibernate.jpa.internal.util.LogHelper  : HHH000204: Processing PersistenceUnitInfo [name: default]
2023-03-30 12:32:44.744  INFO 1452 --- [main] com.zaxxer.hikari.HikariDataSource       : HikariPool-2 - Starting...
2023-03-30 12:32:44.776  INFO 1452 --- [main] com.zaxxer.hikari.HikariDataSource       : HikariPool-2 - Start completed.
2023-03-30 12:32:44.776  INFO 1452 --- [main] org.hibernate.dialect.Dialect            : HHH000400: Using dialect: org.hibernate.dialect.MySQL5Dialect
2023-03-30 12:32:45.166  INFO 1452 --- [main] o.h.e.t.j.p.i.JtaPlatformInitiator       : HHH000490: Using JtaPlatform implementation: [org.hibernate.engine.transaction.jta.platform.internal.NoJtaPlatform]
2023-03-30 12:32:45.166  INFO 1452 --- [main] j.LocalContainerEntityManagerFactoryBean : Initialized JPA EntityManagerFactory for persistence unit 'default'
2023-03-30 12:32:45.226  WARN 1452 --- [main] JpaBaseConfiguration$JpaWebConfiguration : spring.jpa.open-in-view is enabled by default. Therefore, database queries may be performed during view rendering. Explicitly configure spring.jpa.open-in-view to disable this warning
2023-03-30 12:32:45.489  INFO 1452 --- [main] o.s.s.web.DefaultSecurityFilterChain     : Will secure any request with [org.springframework.security.web.session.DisableEncodeUrlFilter@259fb8f5, org.springframework.security.web.context.request.async.WebAsyncManagerIntegrationFilter@5f571d96, org.springframework.security.web.context.SecurityContextPersistenceFilter@9cabd07, org.springframework.security.web.header.HeaderWriterFilter@48531d5, org.springframework.security.web.authentication.logout.LogoutFilter@5bf1e07, com.pws.employee.security.jwt.config.JwtFilter@5c4f07c1, org.springframework.security.web.savedrequest.RequestCacheAwareFilter@2a32be8d, org.springframework.security.web.servletapi.SecurityContextHolderAwareRequestFilter@7942987, org.springframework.security.web.authentication.AnonymousAuthenticationFilter@797bbeae, org.springframework.security.web.session.SessionManagementFilter@340d50c8, org.springframework.security.web.access.ExceptionTranslationFilter@79499fa, org.springframework.security.web.access.intercept.FilterSecurityInterceptor@5127de08]
2023-03-30 12:32:46.087  INFO 1452 --- [main] c.p.e.r.UserSkillXrefRepositoryTest      : Started UserSkillXrefRepositoryTest in 1.738 seconds (JVM running for 13.092)
2023-03-30 12:32:46.175  INFO 1452 --- [main] .b.t.c.SpringBootTestContextBootstrapper : Neither @ContextConfiguration nor @ContextHierarchy found for test class [com.pws.employee.repository.UserRoleXrefRepositoryTest], using SpringBootContextLoader
2023-03-30 12:32:46.176  INFO 1452 --- [main] o.s.t.c.support.AbstractContextLoader    : Could not detect default resource locations for test class [com.pws.employee.repository.UserRoleXrefRepositoryTest]: no resource found for suffixes {-context.xml, Context.groovy}.
2023-03-30 12:32:46.176  INFO 1452 --- [main] t.c.s.AnnotationConfigContextLoaderUtils : Could not detect default configuration classes for test class [com.pws.employee.repository.UserRoleXrefRepositoryTest]: UserRoleXrefRepositoryTest does not declare any static, non-private, non-final, nested classes annotated with @Configuration.
2023-03-30 12:32:46.178  INFO 1452 --- [main] .b.t.c.SpringBootTestContextBootstrapper : Found @SpringBootConfiguration com.pws.employee.EmployeeApplication for test class com.pws.employee.repository.UserRoleXrefRepositoryTest
2023-03-30 12:32:46.179  INFO 1452 --- [main] .b.t.c.SpringBootTestContextBootstrapper : Loaded default TestExecutionListener class names from location [META-INF/spring.factories]: [org.springframework.boot.test.mock.mockito.MockitoTestExecutionListener, org.springframework.boot.test.mock.mockito.ResetMocksTestExecutionListener, org.springframework.boot.test.autoconfigure.restdocs.RestDocsTestExecutionListener, org.springframework.boot.test.autoconfigure.web.client.MockRestServiceServerResetTestExecutionListener, org.springframework.boot.test.autoconfigure.web.servlet.MockMvcPrintOnlyOnFailureTestExecutionListener, org.springframework.boot.test.autoconfigure.web.servlet.WebDriverTestExecutionListener, org.springframework.boot.test.autoconfigure.webservices.client.MockWebServiceServerTestExecutionListener, org.springframework.test.context.web.ServletTestExecutionListener, org.springframework.test.context.support.DirtiesContextBeforeModesTestExecutionListener, org.springframework.test.context.event.ApplicationEventsTestExecutionListener, org.springframework.test.context.support.DependencyInjectionTestExecutionListener, org.springframework.test.context.support.DirtiesContextTestExecutionListener, org.springframework.test.context.transaction.TransactionalTestExecutionListener, org.springframework.test.context.jdbc.SqlScriptsTestExecutionListener, org.springframework.test.context.event.EventPublishingTestExecutionListener]
2023-03-30 12:32:46.180  INFO 1452 --- [main] .b.t.c.SpringBootTestContextBootstrapper : Using TestExecutionListeners: [org.springframework.test.context.web.ServletTestExecutionListener@1c724957, org.springframework.test.context.support.DirtiesContextBeforeModesTestExecutionListener@108ed58d, org.springframework.test.context.event.ApplicationEventsTestExecutionListener@e870441, org.springframework.boot.test.mock.mockito.MockitoTestExecutionListener@14fe2e62, org.springframework.boot.test.autoconfigure.SpringBootDependencyInjectionTestExecutionListener@1a48f55b, org.springframework.test.context.support.DirtiesContextTestExecutionListener@7c8c6922, org.springframework.test.context.transaction.TransactionalTestExecutionListener@4a9fdffe, org.springframework.test.context.jdbc.SqlScriptsTestExecutionListener@2f7765f1, org.springframework.test.context.event.EventPublishingTestExecutionListener@72c8af69, org.springframework.boot.test.mock.mockito.ResetMocksTestExecutionListener@6d921d6b, org.springframework.boot.test.autoconfigure.restdocs.RestDocsTestExecutionListener@59464f08, org.springframework.boot.test.autoconfigure.web.client.MockRestServiceServerResetTestExecutionListener@4d8af13c, org.springframework.boot.test.autoconfigure.web.servlet.MockMvcPrintOnlyOnFailureTestExecutionListener@7a0ebc03, org.springframework.boot.test.autoconfigure.web.servlet.WebDriverTestExecutionListener@70a9f6c, org.springframework.boot.test.autoconfigure.webservices.client.MockWebServiceServerTestExecutionListener@6c5fbe8a]
2023-03-30 12:32:46.211  INFO 1452 --- [main] .b.t.c.SpringBootTestContextBootstrapper : Neither @ContextConfiguration nor @ContextHierarchy found for test class [com.pws.employee.repository.RoleRepositoryTest], using SpringBootContextLoader
2023-03-30 12:32:46.211  INFO 1452 --- [main] o.s.t.c.support.AbstractContextLoader    : Could not detect default resource locations for test class [com.pws.employee.repository.RoleRepositoryTest]: no resource found for suffixes {-context.xml, Context.groovy}.
2023-03-30 12:32:46.212  INFO 1452 --- [main] t.c.s.AnnotationConfigContextLoaderUtils : Could not detect default configuration classes for test class [com.pws.employee.repository.RoleRepositoryTest]: RoleRepositoryTest does not declare any static, non-private, non-final, nested classes annotated with @Configuration.
2023-03-30 12:32:46.213  INFO 1452 --- [main] .b.t.c.SpringBootTestContextBootstrapper : Found @SpringBootConfiguration com.pws.employee.EmployeeApplication for test class com.pws.employee.repository.RoleRepositoryTest
2023-03-30 12:32:46.214  INFO 1452 --- [main] .b.t.c.SpringBootTestContextBootstrapper : Loaded default TestExecutionListener class names from location [META-INF/spring.factories]: [org.springframework.boot.test.mock.mockito.MockitoTestExecutionListener, org.springframework.boot.test.mock.mockito.ResetMocksTestExecutionListener, org.springframework.boot.test.autoconfigure.restdocs.RestDocsTestExecutionListener, org.springframework.boot.test.autoconfigure.web.client.MockRestServiceServerResetTestExecutionListener, org.springframework.boot.test.autoconfigure.web.servlet.MockMvcPrintOnlyOnFailureTestExecutionListener, org.springframework.boot.test.autoconfigure.web.servlet.WebDriverTestExecutionListener, org.springframework.boot.test.autoconfigure.webservices.client.MockWebServiceServerTestExecutionListener, org.springframework.test.context.web.ServletTestExecutionListener, org.springframework.test.context.support.DirtiesContextBeforeModesTestExecutionListener, org.springframework.test.context.event.ApplicationEventsTestExecutionListener, org.springframework.test.context.support.DependencyInjectionTestExecutionListener, org.springframework.test.context.support.DirtiesContextTestExecutionListener, org.springframework.test.context.transaction.TransactionalTestExecutionListener, org.springframework.test.context.jdbc.SqlScriptsTestExecutionListener, org.springframework.test.context.event.EventPublishingTestExecutionListener]
2023-03-30 12:32:46.214  INFO 1452 --- [main] .b.t.c.SpringBootTestContextBootstrapper : Using TestExecutionListeners: [org.springframework.test.context.web.ServletTestExecutionListener@38691f8d, org.springframework.test.context.support.DirtiesContextBeforeModesTestExecutionListener@463a0302, org.springframework.test.context.event.ApplicationEventsTestExecutionListener@150a201b, org.springframework.boot.test.mock.mockito.MockitoTestExecutionListener@79228440, org.springframework.boot.test.autoconfigure.SpringBootDependencyInjectionTestExecutionListener@9c7699e, org.springframework.test.context.support.DirtiesContextTestExecutionListener@1ff359b7, org.springframework.test.context.transaction.TransactionalTestExecutionListener@5bbda8aa, org.springframework.test.context.jdbc.SqlScriptsTestExecutionListener@36d02719, org.springframework.test.context.event.EventPublishingTestExecutionListener@46933c4, org.springframework.boot.test.mock.mockito.ResetMocksTestExecutionListener@1d2ec1f, org.springframework.boot.test.autoconfigure.restdocs.RestDocsTestExecutionListener@379cfc77, org.springframework.boot.test.autoconfigure.web.client.MockRestServiceServerResetTestExecutionListener@c3fd72, org.springframework.boot.test.autoconfigure.web.servlet.MockMvcPrintOnlyOnFailureTestExecutionListener@4d7909bd, org.springframework.boot.test.autoconfigure.web.servlet.WebDriverTestExecutionListener@5bddb619, org.springframework.boot.test.autoconfigure.webservices.client.MockWebServiceServerTestExecutionListener@b729651]
2023-03-30 12:32:46.227  INFO 1452 --- [main] .b.t.c.SpringBootTestContextBootstrapper : Neither @ContextConfiguration nor @ContextHierarchy found for test class [com.pws.employee.repository.UserRepositoryTest], using SpringBootContextLoader
2023-03-30 12:32:46.228  INFO 1452 --- [main] o.s.t.c.support.AbstractContextLoader    : Could not detect default resource locations for test class [com.pws.employee.repository.UserRepositoryTest]: no resource found for suffixes {-context.xml, Context.groovy}.
2023-03-30 12:32:46.228  INFO 1452 --- [main] t.c.s.AnnotationConfigContextLoaderUtils : Could not detect default configuration classes for test class [com.pws.employee.repository.UserRepositoryTest]: UserRepositoryTest does not declare any static, non-private, non-final, nested classes annotated with @Configuration.
2023-03-30 12:32:46.230  INFO 1452 --- [main] .b.t.c.SpringBootTestContextBootstrapper : Found @SpringBootConfiguration com.pws.employee.EmployeeApplication for test class com.pws.employee.repository.UserRepositoryTest
2023-03-30 12:32:46.231  INFO 1452 --- [main] .b.t.c.SpringBootTestContextBootstrapper : Loaded default TestExecutionListener class names from location [META-INF/spring.factories]: [org.springframework.boot.test.mock.mockito.MockitoTestExecutionListener, org.springframework.boot.test.mock.mockito.ResetMocksTestExecutionListener, org.springframework.boot.test.autoconfigure.restdocs.RestDocsTestExecutionListener, org.springframework.boot.test.autoconfigure.web.client.MockRestServiceServerResetTestExecutionListener, org.springframework.boot.test.autoconfigure.web.servlet.MockMvcPrintOnlyOnFailureTestExecutionListener, org.springframework.boot.test.autoconfigure.web.servlet.WebDriverTestExecutionListener, org.springframework.boot.test.autoconfigure.webservices.client.MockWebServiceServerTestExecutionListener, org.springframework.test.context.web.ServletTestExecutionListener, org.springframework.test.context.support.DirtiesContextBeforeModesTestExecutionListener, org.springframework.test.context.event.ApplicationEventsTestExecutionListener, org.springframework.test.context.support.DependencyInjectionTestExecutionListener, org.springframework.test.context.support.DirtiesContextTestExecutionListener, org.springframework.test.context.transaction.TransactionalTestExecutionListener, org.springframework.test.context.jdbc.SqlScriptsTestExecutionListener, org.springframework.test.context.event.EventPublishingTestExecutionListener]
2023-03-30 12:32:46.231  INFO 1452 --- [main] .b.t.c.SpringBootTestContextBootstrapper : Using TestExecutionListeners: [org.springframework.test.context.web.ServletTestExecutionListener@521f2a23, org.springframework.test.context.support.DirtiesContextBeforeModesTestExecutionListener@228ed68c, org.springframework.test.context.event.ApplicationEventsTestExecutionListener@30e3544d, org.springframework.boot.test.mock.mockito.MockitoTestExecutionListener@522a9876, org.springframework.boot.test.autoconfigure.SpringBootDependencyInjectionTestExecutionListener@794ffe22, org.springframework.test.context.support.DirtiesContextTestExecutionListener@2da16d31, org.springframework.test.context.transaction.TransactionalTestExecutionListener@74a15f4, org.springframework.test.context.jdbc.SqlScriptsTestExecutionListener@125c443, org.springframework.test.context.event.EventPublishingTestExecutionListener@71d94ab, org.springframework.boot.test.mock.mockito.ResetMocksTestExecutionListener@21f3a99c, org.springframework.boot.test.autoconfigure.restdocs.RestDocsTestExecutionListener@76c1ede3, org.springframework.boot.test.autoconfigure.web.client.MockRestServiceServerResetTestExecutionListener@59e938a4, org.springframework.boot.test.autoconfigure.web.servlet.MockMvcPrintOnlyOnFailureTestExecutionListener@323a47fe, org.springframework.boot.test.autoconfigure.web.servlet.WebDriverTestExecutionListener@eb9b76c, org.springframework.boot.test.autoconfigure.webservices.client.MockWebServiceServerTestExecutionListener@776eedad]
2023-03-30 12:32:46.276  INFO 1452 --- [main] o.s.t.c.s.DefaultTestContextBootstrapper : Neither @ContextConfiguration nor @ContextHierarchy found for test class [com.pws.employee.LoginControllerTest], using DelegatingSmartContextLoader
2023-03-30 12:32:46.277  INFO 1452 --- [main] o.s.t.c.support.AbstractContextLoader    : Could not detect default resource locations for test class [com.pws.employee.LoginControllerTest]: no resource found for suffixes {-context.xml}.
2023-03-30 12:32:46.277  INFO 1452 --- [main] t.c.s.AnnotationConfigContextLoaderUtils : Could not detect default configuration classes for test class [com.pws.employee.LoginControllerTest]: LoginControllerTest does not declare any static, non-private, non-final, nested classes annotated with @Configuration.
2023-03-30 12:32:46.278  INFO 1452 --- [main] o.s.t.c.s.DefaultTestContextBootstrapper : Loaded default TestExecutionListener class names from location [META-INF/spring.factories]: [org.springframework.boot.test.mock.mockito.MockitoTestExecutionListener, org.springframework.boot.test.mock.mockito.ResetMocksTestExecutionListener, org.springframework.boot.test.autoconfigure.restdocs.RestDocsTestExecutionListener, org.springframework.boot.test.autoconfigure.web.client.MockRestServiceServerResetTestExecutionListener, org.springframework.boot.test.autoconfigure.web.servlet.MockMvcPrintOnlyOnFailureTestExecutionListener, org.springframework.boot.test.autoconfigure.web.servlet.WebDriverTestExecutionListener, org.springframework.boot.test.autoconfigure.webservices.client.MockWebServiceServerTestExecutionListener, org.springframework.test.context.web.ServletTestExecutionListener, org.springframework.test.context.support.DirtiesContextBeforeModesTestExecutionListener, org.springframework.test.context.event.ApplicationEventsTestExecutionListener, org.springframework.test.context.support.DependencyInjectionTestExecutionListener, org.springframework.test.context.support.DirtiesContextTestExecutionListener, org.springframework.test.context.transaction.TransactionalTestExecutionListener, org.springframework.test.context.jdbc.SqlScriptsTestExecutionListener, org.springframework.test.context.event.EventPublishingTestExecutionListener]
2023-03-30 12:32:46.279  INFO 1452 --- [main] o.s.t.c.s.DefaultTestContextBootstrapper : Using TestExecutionListeners: [org.springframework.test.context.web.ServletTestExecutionListener@2290186e, org.springframework.test.context.support.DirtiesContextBeforeModesTestExecutionListener@686a192d, org.springframework.test.context.event.ApplicationEventsTestExecutionListener@aecfc07, org.springframework.boot.test.mock.mockito.MockitoTestExecutionListener@6f14ce3, org.springframework.test.context.support.DependencyInjectionTestExecutionListener@2400673b, org.springframework.test.context.support.DirtiesContextTestExecutionListener@1c1bb1e7, org.springframework.test.context.transaction.TransactionalTestExecutionListener@71fa6aa7, org.springframework.test.context.jdbc.SqlScriptsTestExecutionListener@7d60a62f, org.springframework.test.context.event.EventPublishingTestExecutionListener@5a7e2f07, org.springframework.boot.test.mock.mockito.ResetMocksTestExecutionListener@1bab3926, org.springframework.boot.test.autoconfigure.restdocs.RestDocsTestExecutionListener@39a6c7a6, org.springframework.boot.test.autoconfigure.web.client.MockRestServiceServerResetTestExecutionListener@418f5f63, org.springframework.boot.test.autoconfigure.web.servlet.MockMvcPrintOnlyOnFailureTestExecutionListener@6a225642, org.springframework.boot.test.autoconfigure.web.servlet.WebDriverTestExecutionListener@28023029, org.springframework.boot.test.autoconfigure.webservices.client.MockWebServiceServerTestExecutionListener@27165978]
2023-03-30 12:32:46.313  INFO 1452 --- [main] o.s.mock.web.MockServletContext          : Initializing Spring TestDispatcherServlet ''
2023-03-30 12:32:46.313  INFO 1452 --- [main] o.s.t.web.servlet.TestDispatcherServlet  : Initializing Servlet ''
2023-03-30 12:32:46.314  INFO 1452 --- [main] o.s.t.web.servlet.TestDispatcherServlet  : Completed initialization in 1 ms
2023-03-30 12:32:46.365  INFO 1452 --- [main] .b.t.c.SpringBootTestContextBootstrapper : Neither @ContextConfiguration nor @ContextHierarchy found for test class [com.pws.employee.repository.PermissionRepositoryTest], using SpringBootContextLoader
2023-03-30 12:32:46.366  INFO 1452 --- [main] o.s.t.c.support.AbstractContextLoader    : Could not detect default resource locations for test class [com.pws.employee.repository.PermissionRepositoryTest]: no resource found for suffixes {-context.xml, Context.groovy}.
2023-03-30 12:32:46.366  INFO 1452 --- [main] t.c.s.AnnotationConfigContextLoaderUtils : Could not detect default configuration classes for test class [com.pws.employee.repository.PermissionRepositoryTest]: PermissionRepositoryTest does not declare any static, non-private, non-final, nested classes annotated with @Configuration.
2023-03-30 12:32:46.367  INFO 1452 --- [main] .b.t.c.SpringBootTestContextBootstrapper : Found @SpringBootConfiguration com.pws.employee.EmployeeApplication for test class com.pws.employee.repository.PermissionRepositoryTest
2023-03-30 12:32:46.368  INFO 1452 --- [main] .b.t.c.SpringBootTestContextBootstrapper : Loaded default TestExecutionListener class names from location [META-INF/spring.factories]: [org.springframework.boot.test.mock.mockito.MockitoTestExecutionListener, org.springframework.boot.test.mock.mockito.ResetMocksTestExecutionListener, org.springframework.boot.test.autoconfigure.restdocs.RestDocsTestExecutionListener, org.springframework.boot.test.autoconfigure.web.client.MockRestServiceServerResetTestExecutionListener, org.springframework.boot.test.autoconfigure.web.servlet.MockMvcPrintOnlyOnFailureTestExecutionListener, org.springframework.boot.test.autoconfigure.web.servlet.WebDriverTestExecutionListener, org.springframework.boot.test.autoconfigure.webservices.client.MockWebServiceServerTestExecutionListener, org.springframework.test.context.web.ServletTestExecutionListener, org.springframework.test.context.support.DirtiesContextBeforeModesTestExecutionListener, org.springframework.test.context.event.ApplicationEventsTestExecutionListener, org.springframework.test.context.support.DependencyInjectionTestExecutionListener, org.springframework.test.context.support.DirtiesContextTestExecutionListener, org.springframework.test.context.transaction.TransactionalTestExecutionListener, org.springframework.test.context.jdbc.SqlScriptsTestExecutionListener, org.springframework.test.context.event.EventPublishingTestExecutionListener]
2023-03-30 12:32:46.369  INFO 1452 --- [main] .b.t.c.SpringBootTestContextBootstrapper : Using TestExecutionListeners: [org.springframework.test.context.web.ServletTestExecutionListener@c1e7bea, org.springframework.test.context.support.DirtiesContextBeforeModesTestExecutionListener@3af30ab8, org.springframework.test.context.event.ApplicationEventsTestExecutionListener@6453c126, org.springframework.boot.test.mock.mockito.MockitoTestExecutionListener@6565691a, org.springframework.boot.test.autoconfigure.SpringBootDependencyInjectionTestExecutionListener@1a5b8f77, org.springframework.test.context.support.DirtiesContextTestExecutionListener@385ff04e, org.springframework.test.context.transaction.TransactionalTestExecutionListener@42ff5c92, org.springframework.test.context.jdbc.SqlScriptsTestExecutionListener@c9cd06e, org.springframework.test.context.event.EventPublishingTestExecutionListener@4afad6bd, org.springframework.boot.test.mock.mockito.ResetMocksTestExecutionListener@de0922c, org.springframework.boot.test.autoconfigure.restdocs.RestDocsTestExecutionListener@35c344ce, org.springframework.boot.test.autoconfigure.web.client.MockRestServiceServerResetTestExecutionListener@5fb6fdb8, org.springframework.boot.test.autoconfigure.web.servlet.MockMvcPrintOnlyOnFailureTestExecutionListener@43e587cd, org.springframework.boot.test.autoconfigure.web.servlet.WebDriverTestExecutionListener@4a9d0c6f, org.springframework.boot.test.autoconfigure.webservices.client.MockWebServiceServerTestExecutionListener@6557d4c6]
2023-03-30 12:32:46.392  INFO 1452 --- [SpringApplicationShutdownHook] j.LocalContainerEntityManagerFactoryBean : Closing JPA EntityManagerFactory for persistence unit 'default'
2023-03-30 12:32:46.394  INFO 1452 --- [SpringApplicationShutdownHook] com.zaxxer.hikari.HikariDataSource       : HikariPool-1 - Shutdown initiated...
2023-03-30 12:32:46.404  INFO 1452 --- [SpringApplicationShutdownHook] com.zaxxer.hikari.HikariDataSource       : HikariPool-1 - Shutdown completed.
2023-03-30 12:32:46.416  INFO 1452 --- [SpringApplicationShutdownHook] j.LocalContainerEntityManagerFactoryBean : Closing JPA EntityManagerFactory for persistence unit 'default'
2023-03-30 12:32:46.417  INFO 1452 --- [SpringApplicationShutdownHook] com.zaxxer.hikari.HikariDataSource       : HikariPool-2 - Shutdown initiated...
2023-03-30 12:32:46.427  INFO 1452 --- [SpringApplicationShutdownHook] com.zaxxer.hikari.HikariDataSource       : HikariPool-2 - Shutdown completed.
